<?xml version="1.0" encoding="UTF-8"?>
<Site BuildName="(empty)"
	BuildStamp="20211004-0114-Experimental"
	Name="(empty)"
	Generator="ctest-3.21.3"
	CompilerName=""
	CompilerVersion=""
	OSName="macOS"
	Hostname="Beaus-MacBook-Pro.local"
	OSRelease="11.4"
	OSVersion="20F71"
	OSPlatform="arm64"
	Is64Bits="1"
	VendorString="IBM"
	VendorID="IBM"
	FamilyID="16777228"
	ModelID="2"
	ProcessorCacheSize="131072"
	NumberOfLogicalCPU="8"
	NumberOfPhysicalCPU="8"
	TotalVirtualMemory="5120"
	TotalPhysicalMemory="8192"
	LogicalProcessorsPerPhysical="8"
	ProcessorClockFrequency="0"
	>
	<Testing>
		<StartDateTime>Oct 04 14:24 EDT</StartDateTime>
		<StartTestTime>1633371871</StartTestTime>
		<TestList>
			<Test>./test/TrainTests</Test>
		</TestList>
		<Test Status="failed">
			<Name>TrainTests</Name>
			<Path>./test</Path>
			<FullName>./test/TrainTests</FullName>
			<FullCommandLine>/Users/beaurogers/Documents/C++_Programming/Ecobee\ Interview/train_signaling/build/test/TrainTests</FullCommandLine>
			<Results>
				<NamedMeasurement type="text/string" name="Exit Code">
					<Value>Failed</Value>
				</NamedMeasurement>
				<NamedMeasurement type="text/string" name="Exit Value">
					<Value>1</Value>
				</NamedMeasurement>
				<NamedMeasurement type="numeric/double" name="Execution Time">
					<Value>0.0926758</Value>
				</NamedMeasurement>
				<NamedMeasurement type="numeric/double" name="Processors">
					<Value>1</Value>
				</NamedMeasurement>
				<NamedMeasurement type="text/string" name="Completion Status">
					<Value>Completed</Value>
				</NamedMeasurement>
				<NamedMeasurement type="text/string" name="Command Line">
					<Value>/Users/beaurogers/Documents/C++_Programming/Ecobee\ Interview/train_signaling/build/test/TrainTests</Value>
				</NamedMeasurement>
				<NamedMeasurement type="text/string" name="Environment">
					<Value>#CTEST_RESOURCE_GROUP_COUNT=</Value>
				</NamedMeasurement>
				<Measurement>
					<Value encoding="base64" compression="gzip">eJytU0tv2zAMvutXED016CIvK7CDgRyCNS2KvYok3SUIDFlhVHWyFOjR7OdPspLWHpA0h/EiivxIfSTFWdBaagENk/pyABtrGigeHVpX1MiCNSKpN4aHBrV3xZerq+ohWi1rmhhXTLmpEeFee7QvEneFtzFT5aTQTCWAMEYo9Oh8V3WWFyJpVXqYck6W41dZwWzP6hoSxmVa+QIuyHhSshy+ygrulKmZygDUL9IanfiCQz8M23/Ao4xrk35HK3ARr/E5soTZ4w9oZdXz0CZd5sb6iilhrPRPTURn+fn1DDRcfoTGDc4jksHgjWdqQI7HrOXzbxcb3id+sNKDcozzCeC7dA8h51LN38LUz8h9n27XQ7nRMWvg3ljSfo/WCx0zcKYUrsl//aTtn1wkY5qAo3y7LUefr0u4ZVIFi+QXUwHBbEp4Y0UF7rVKswbj9ozHcPHmH10QgAn3gakSNkw5JNM/21glrmMaG5Dk4lIwSNfJnMZ0O7n/Nr051aB3Z9QNPDWnY8vjkdnh2ux0fzmPLyVYpmn/pVjJw2Q+z5V8ypG0X1+m/AGUdLE1UKMyu/K8FhASo/ewxXS+IH8B4CyVTg==</Value>
				</Measurement>
			</Results>
		</Test>
		<EndDateTime>Oct 04 14:24 EDT</EndDateTime>
		<EndTestTime>1633371871</EndTestTime>
		<ElapsedMinutes>0</ElapsedMinutes>
	</Testing>
</Site>
